<?xml version="1.0" encoding="UTF-8"?>
<!-- Generated by org.testng.reporters.JUnitXMLReporter -->
<testsuite ignored="5" hostname="DESKTOP-8VF1PVM" failures="0" tests="2" name="Test" time="3.595" errors="0" timestamp="2022-10-22T06:46:40 IST">
  <testcase classname="com.baseclass.BaseClass" name="url" time="2.873"/>
  <testcase classname="com.baseclass.BaseClass" name="url" time="0.67"/>
  <testcase classname="com.baseclass.BaseClass" name="@BeforeSuite browserLaunch" time="0.0">
    <ignored/>
  </testcase> <!-- @BeforeSuite browserLaunch -->
  <testcase classname="com.execution.LoginPageExecution" name="loginClick" time="0.0">
    <ignored/>
  </testcase> <!-- loginClick -->
  <testcase classname="com.execution.LoginPageExecution" name="username" time="0.0">
    <ignored/>
  </testcase> <!-- username -->
  <testcase classname="com.baseclass.BaseClass" name="@AfterSuite takesScreenshot" time="0.0">
    <ignored/>
  </testcase> <!-- @AfterSuite takesScreenshot -->
  <testcase classname="com.execution.LoginPageExecution" name="password" time="0.0">
    <ignored/>
  </testcase> <!-- password -->
</testsuite> <!-- Test -->
